<?xml version="1.0" encoding="UTF-8"?>
<!-- Generated by org.testng.reporters.JUnitReportReporter -->
<testsuite hostname="DESKTOP-83NNR9O" failures="0" tests="1" name="com.test.cases.ShoppingItem" time="4.242" errors="0" timestamp="2023-10-12T21:46:17 IST" skipped="0">
  <testcase classname="com.test.cases.ShoppingItem" name="writeItemName" time="4.242"/>
</testsuite> <!-- com.test.cases.ShoppingItem -->
