<?xml version="1.0" encoding="UTF-8"?>
<!-- Generated by org.testng.reporters.JUnitReportReporter -->
<testsuite hostname="DESKTOP-83NNR9O" failures="0" tests="1" name="com.rough.work.RoughClass" time="16.065" errors="0" timestamp="2023-10-10T20:34:12 IST" skipped="0">
  <testcase classname="com.rough.work.RoughClass" name="allEnTC" time="16.065"/>
</testsuite> <!-- com.rough.work.RoughClass -->
